0 info it worked if it ends with ok
1 verbose cli [ '/Users/milesdisch/.nvm/versions/node/v6.0.0/bin/node',
1 verbose cli   '/Users/milesdisch/.nvm/versions/node/v6.0.0/bin/npm',
1 verbose cli   'install',
1 verbose cli   '-g',
1 verbose cli   'git-ssb' ]
2 info using npm@3.8.6
3 info using node@v6.0.0
4 silly loadCurrentTree Starting
5 silly install loadCurrentTree
6 silly install readGlobalPackageData
7 silly fetchPackageMetaData git-ssb
8 silly fetchNamedPackageData git-ssb
9 silly mapToRegistry name git-ssb
10 silly mapToRegistry using default registry
11 silly mapToRegistry registry http://npm.campjs.dev:5984/registry/_design/scratch/_rewrite
12 silly mapToRegistry data Result {
12 silly mapToRegistry   raw: 'git-ssb',
12 silly mapToRegistry   scope: null,
12 silly mapToRegistry   name: 'git-ssb',
12 silly mapToRegistry   rawSpec: '',
12 silly mapToRegistry   spec: 'latest',
12 silly mapToRegistry   type: 'tag' }
13 silly mapToRegistry uri http://npm.campjs.dev:5984/registry/_design/scratch/_rewrite/git-ssb
14 verbose request uri http://npm.campjs.dev:5984/registry/_design/scratch/_rewrite/git-ssb
15 verbose request no auth needed
16 info attempt registry request try #1 at 12:35:54 PM
17 verbose request id 9c4765bc70bc7dbc
18 http request GET http://npm.campjs.dev:5984/registry/_design/scratch/_rewrite/git-ssb
19 info retry will retry, error on last attempt: Error: connect ETIMEDOUT 127.0.53.53:5984
20 info attempt registry request try #2 at 12:37:20 PM
21 http request GET http://npm.campjs.dev:5984/registry/_design/scratch/_rewrite/git-ssb
22 info retry will retry, error on last attempt: Error: connect ETIMEDOUT 127.0.53.53:5984
23 info attempt registry request try #3 at 12:39:38 PM
24 http request GET http://npm.campjs.dev:5984/registry/_design/scratch/_rewrite/git-ssb
25 silly fetchPackageMetaData Error: connect ETIMEDOUT 127.0.53.53:5984
25 silly fetchPackageMetaData     at Object.exports._errnoException (util.js:896:11)
25 silly fetchPackageMetaData     at exports._exceptionWithHostPort (util.js:919:20)
25 silly fetchPackageMetaData     at TCPConnectWrap.afterConnect [as oncomplete] (net.js:1073:14)
25 silly fetchPackageMetaData  error for git-ssb { Error: connect ETIMEDOUT 127.0.53.53:5984
25 silly fetchPackageMetaData     at Object.exports._errnoException (util.js:896:11)
25 silly fetchPackageMetaData     at exports._exceptionWithHostPort (util.js:919:20)
25 silly fetchPackageMetaData     at TCPConnectWrap.afterConnect [as oncomplete] (net.js:1073:14)
25 silly fetchPackageMetaData   code: 'ETIMEDOUT',
25 silly fetchPackageMetaData   errno: 'ETIMEDOUT',
25 silly fetchPackageMetaData   syscall: 'connect',
25 silly fetchPackageMetaData   address: '127.0.53.53',
25 silly fetchPackageMetaData   port: 5984 }
26 silly rollbackFailedOptional Starting
27 silly rollbackFailedOptional Finishing
28 silly runTopLevelLifecycles Starting
29 silly runTopLevelLifecycles Finishing
30 silly install printInstalled
31 verbose stack Error: connect ETIMEDOUT 127.0.53.53:5984
31 verbose stack     at Object.exports._errnoException (util.js:896:11)
31 verbose stack     at exports._exceptionWithHostPort (util.js:919:20)
31 verbose stack     at TCPConnectWrap.afterConnect [as oncomplete] (net.js:1073:14)
32 verbose cwd /Users/milesdisch/dev/Side/campjs/aud_vis
33 error Darwin 15.2.0
34 error argv "/Users/milesdisch/.nvm/versions/node/v6.0.0/bin/node" "/Users/milesdisch/.nvm/versions/node/v6.0.0/bin/npm" "install" "-g" "git-ssb"
35 error node v6.0.0
36 error npm  v3.8.6
37 error code ETIMEDOUT
38 error errno ETIMEDOUT
39 error syscall connect
40 error network connect ETIMEDOUT 127.0.53.53:5984
41 error network This is most likely not a problem with npm itself
41 error network and is related to network connectivity.
41 error network In most cases you are behind a proxy or have bad network settings.
41 error network
41 error network If you are behind a proxy, please make sure that the
41 error network 'proxy' config is set properly.  See: 'npm help config'
42 verbose exit [ 1, true ]
